[debug] [2021-10-01T10:04:34.843Z] ----------------------------------------------------------------------
[debug] [2021-10-01T10:04:34.845Z] Command:       C:\Program Files\nodejs\node.exe C:\Users\nkrcc\AppData\Roaming\npm\node_modules\firebase-tools\lib\bin\firebase.js init
[debug] [2021-10-01T10:04:34.846Z] CLI Version:   9.19.0
[debug] [2021-10-01T10:04:34.846Z] Platform:      win32
[debug] [2021-10-01T10:04:34.846Z] Node Version:  v14.17.6
[debug] [2021-10-01T10:04:34.847Z] Time:          Fri Oct 01 2021 15:34:34 GMT+0530 (India Standard Time)
[debug] [2021-10-01T10:04:34.847Z] ----------------------------------------------------------------------
[debug] 
[debug] [2021-10-01T10:04:34.855Z] > command requires scopes: ["email","openid","https://www.googleapis.com/auth/cloudplatformprojects.readonly","https://www.googleapis.com/auth/firebase","https://www.googleapis.com/auth/cloud-platform"]
[debug] [2021-10-01T10:04:34.855Z] > authorizing via signed-in user (akhtar@erisn.com)
[info] 
     ######## #### ########  ######## ########     ###     ######  ########
     ##        ##  ##     ## ##       ##     ##  ##   ##  ##       ##
     ######    ##  ########  ######   ########  #########  ######  ######
     ##        ##  ##    ##  ##       ##     ## ##     ##       ## ##
     ##       #### ##     ## ######## ########  ##     ##  ######  ########

You're about to initialize a Firebase project in this directory:

  C:\Users\nkrcc\OneDrive\Documents\React-Projects\fbclone

[info] 
=== Project Setup
[info] 
[info] First, let's associate this project directory with a Firebase project.
[info] You can create multiple project aliases by running firebase use --add, 
[info] but for now we'll just set up a default project.
[info] 
[debug] [2021-10-01T10:04:51.547Z] >>> [apiv2][query] GET https://firebase.googleapis.com/v1beta1/projects pageSize=100
[debug] [2021-10-01T10:04:52.252Z] <<< [apiv2][status] GET https://firebase.googleapis.com/v1beta1/projects 200
[debug] [2021-10-01T10:04:52.252Z] <<< [apiv2][body] GET https://firebase.googleapis.com/v1beta1/projects [omitted]
[info] i  Using project fbclone-d826a (fbclone) 
[info] 
=== Hosting Setup
[info] 
[info] Your public directory is the folder (relative to your project directory) that
[info] will contain Hosting assets to be uploaded with firebase deploy. If you
[info] have a build process for your assets, use your build's output directory.
[info] 
